\BOOKMARK [0][-]{chapter.1}{1 Einleitung und Motivation}{}% 1
\BOOKMARK [0][-]{chapter.2}{2 Theoretische Grundlagen}{}% 2
\BOOKMARK [1][-]{section.2.1}{2.1 Einheiten und Notation}{chapter.2}% 3
\BOOKMARK [1][-]{section.2.2}{2.2 Die Schr\366dingergleichung f\374r Molek\374le - Wellenfunktion und Energie}{chapter.2}% 4
\BOOKMARK [1][-]{section.2.3}{2.3 Das Hartree-Fock-Verfahren}{chapter.2}% 5
\BOOKMARK [1][-]{section.2.4}{2.4 Die Dichtefunktionaltheorie}{chapter.2}% 6
\BOOKMARK [1][-]{section.2.5}{2.5 Molek\374le im Magnetfeld}{chapter.2}% 7
\BOOKMARK [2][-]{subsection.2.5.1}{2.5.1 Berechnung von NMR Abschirmkonstanten}{section.2.5}% 8
\BOOKMARK [2][-]{subsection.2.5.2}{2.5.2 Die Berechnung von Ringstr\366men}{section.2.5}% 9
\BOOKMARK [0][-]{chapter.3}{3 Erweiterte Funktionalit\344t}{}% 10
\BOOKMARK [1][-]{section.3.1}{3.1 Ber\374cksichtigung von Umgebungseffekten}{chapter.3}% 11
\BOOKMARK [2][-]{subsection.3.1.1}{3.1.1 Theorie}{section.3.1}% 12
\BOOKMARK [2][-]{subsection.3.1.2}{3.1.2 Implementierung}{section.3.1}% 13
\BOOKMARK [1][-]{section.3.2}{3.2 Skalar-relativistische Effekte durch effektive Kernpotentiale}{chapter.3}% 14
\BOOKMARK [2][-]{subsection.3.2.1}{3.2.1 Theorie}{section.3.2}% 15
\BOOKMARK [2][-]{subsection.3.2.2}{3.2.2 Implementierung}{section.3.2}% 16
\BOOKMARK [1][-]{section.3.3}{3.3 Berechnung von Vibrational Circular Dichroism Spektren}{chapter.3}% 17
\BOOKMARK [2][-]{subsection.3.3.1}{3.3.1 Theorie}{section.3.3}% 18
\BOOKMARK [2][-]{subsection.3.3.2}{3.3.2 Implementierung}{section.3.3}% 19
\BOOKMARK [1][-]{section.3.4}{3.4 meta-GGA Funktionale}{chapter.3}% 20
\BOOKMARK [2][-]{subsection.3.4.1}{3.4.1 Theorie}{section.3.4}% 21
\BOOKMARK [2][-]{subsection.3.4.2}{3.4.2 Implementierung}{section.3.4}% 22
\BOOKMARK [0][-]{chapter.4}{4 Verbesserte Effizienz}{}% 23
\BOOKMARK [1][-]{section.4.1}{4.1 Die RI-Methode f\374r chemische Abschirmkonstanten}{chapter.4}% 24
\BOOKMARK [2][-]{subsection.4.1.1}{4.1.1 Theorie}{section.4.1}% 25
\BOOKMARK [2][-]{subsection.4.1.2}{4.1.2 Implementierung}{section.4.1}% 26
\BOOKMARK [1][-]{section.4.2}{4.2 Die MARI-J Methode f\374r chemische Abschirmkonstanten}{chapter.4}% 27
\BOOKMARK [2][-]{subsection.4.2.1}{4.2.1 Theorie}{section.4.2}% 28
\BOOKMARK [2][-]{subsection.4.2.2}{4.2.2 Implementierung}{section.4.2}% 29
\BOOKMARK [1][-]{section.4.3}{4.3 Parallelisierung und weitere Optimierungen}{chapter.4}% 30
\BOOKMARK [0][-]{chapter.5}{5 Anwendungen}{}% 31
\BOOKMARK [1][-]{section.5.1}{5.1 Anwendungen in der anorganischen Chemie}{chapter.5}% 32
\BOOKMARK [1][-]{section.5.2}{5.2 Ringstr\366me in gro\337en ringf\366rmigen Kohlenstoffnanor\366hren}{chapter.5}% 33
\BOOKMARK [0][-]{chapter.6}{6 Zusammenfassung}{}% 34
\BOOKMARK [0][-]{chapter*.24}{Abbildungsverzeichnis}{}% 35
\BOOKMARK [0][-]{chapter*.26}{Tabellenverzeichnis}{}% 36
\BOOKMARK [0][-]{section*.27}{Abk\374rzungsverzeichnis}{}% 37
\BOOKMARK [0][-]{chapter*.29}{Literaturverzeichnis}{}% 38
